  main.cpp
main.cpp(228): warning C4305: 'initializing': truncation from 'double' to 'float'
main.cpp(398): warning C4996: 'sscanf': This function or variable may be unsafe. Consider using sscanf_s instead. To disable deprecation, use _CRT_SECURE_NO_WARNINGS. See online help for details.
  C:\Program Files (x86)\Windows Kits\10\Include\10.0.16299.0\ucrt\stdio.h(2261): note: see declaration of 'sscanf'
main.cpp(436): warning C4996: 'sprintf': This function or variable may be unsafe. Consider using sprintf_s instead. To disable deprecation, use _CRT_SECURE_NO_WARNINGS. See online help for details.
  C:\Program Files (x86)\Windows Kits\10\Include\10.0.16299.0\ucrt\stdio.h(1772): note: see declaration of 'sprintf'
main.cpp(766): warning C4996: 'sscanf': This function or variable may be unsafe. Consider using sscanf_s instead. To disable deprecation, use _CRT_SECURE_NO_WARNINGS. See online help for details.
  C:\Program Files (x86)\Windows Kits\10\Include\10.0.16299.0\ucrt\stdio.h(2261): note: see declaration of 'sscanf'
main.cpp(776): warning C4101: 'tangentindex': unreferenced local variable
main.cpp(776): warning C4101: 'bitangentindex': unreferenced local variable
main.cpp(1061): warning C4244: '=': conversion from 'double' to 'float', possible loss of data
main.cpp(1073): warning C4244: 'argument': conversion from 'double' to 'float', possible loss of data
main.cpp(1080): warning C4838: conversion from 'double' to 'float' requires a narrowing conversion
main.cpp(1080): warning C4244: 'initializing': conversion from 'double' to 'float', possible loss of data
main.cpp(1058): warning C4101: 'initarray': unreferenced local variable
main.cpp(1109): warning C4101: 'n': unreferenced local variable
main.cpp(1229): warning C4305: '-=': truncation from 'double' to 'float'
main.cpp(1230): warning C4305: '-=': truncation from 'double' to 'float'
main.cpp(1234): warning C4305: '*=': truncation from 'double' to 'float'
main.cpp(1279): warning C4305: '+=': truncation from 'double' to 'float'
main.cpp(1280): warning C4305: '+=': truncation from 'double' to 'float'
main.cpp(1284): warning C4305: '*=': truncation from 'double' to 'float'
main.cpp(1326): warning C4305: '=': truncation from 'double' to 'float'
main.cpp(1329): warning C4305: '=': truncation from 'double' to 'float'
main.cpp(1332): warning C4305: '=': truncation from 'double' to 'float'
main.cpp(1335): warning C4305: '=': truncation from 'double' to 'float'
main.cpp(1498): warning C4996: 'sprintf': This function or variable may be unsafe. Consider using sprintf_s instead. To disable deprecation, use _CRT_SECURE_NO_WARNINGS. See online help for details.
  C:\Program Files (x86)\Windows Kits\10\Include\10.0.16299.0\ucrt\stdio.h(1772): note: see declaration of 'sprintf'
main.cpp(1501): warning C4996: 'sprintf': This function or variable may be unsafe. Consider using sprintf_s instead. To disable deprecation, use _CRT_SECURE_NO_WARNINGS. See online help for details.
  C:\Program Files (x86)\Windows Kits\10\Include\10.0.16299.0\ucrt\stdio.h(1772): note: see declaration of 'sprintf'
main.cpp(1620): warning C4244: '=': conversion from 'int' to 'float', possible loss of data
main.cpp(1621): warning C4244: '=': conversion from 'int' to 'float', possible loss of data
main.cpp(1660): warning C4244: '=': conversion from 'double' to 'float', possible loss of data
main.cpp(1661): warning C4244: '=': conversion from 'double' to 'float', possible loss of data
main.cpp(1662): warning C4244: '=': conversion from 'double' to 'float', possible loss of data
main.cpp(1675): warning C4244: 'argument': conversion from 'double' to 'float', possible loss of data
main.cpp(1602): warning C4996: 'sscanf': This function or variable may be unsafe. Consider using sscanf_s instead. To disable deprecation, use _CRT_SECURE_NO_WARNINGS. See online help for details.
  C:\Program Files (x86)\Windows Kits\10\Include\10.0.16299.0\ucrt\stdio.h(2261): note: see declaration of 'sscanf'
main.cpp(1606): warning C4996: 'fopen': This function or variable may be unsafe. Consider using fopen_s instead. To disable deprecation, use _CRT_SECURE_NO_WARNINGS. See online help for details.
  C:\Program Files (x86)\Windows Kits\10\Include\10.0.16299.0\ucrt\stdio.h(207): note: see declaration of 'fopen'
main.cpp(1619): warning C4996: 'sscanf': This function or variable may be unsafe. Consider using sscanf_s instead. To disable deprecation, use _CRT_SECURE_NO_WARNINGS. See online help for details.
  C:\Program Files (x86)\Windows Kits\10\Include\10.0.16299.0\ucrt\stdio.h(2261): note: see declaration of 'sscanf'
main.cpp(1634): warning C4996: 'sscanf': This function or variable may be unsafe. Consider using sscanf_s instead. To disable deprecation, use _CRT_SECURE_NO_WARNINGS. See online help for details.
  C:\Program Files (x86)\Windows Kits\10\Include\10.0.16299.0\ucrt\stdio.h(2261): note: see declaration of 'sscanf'
main.cpp(1657): warning C4996: 'sscanf': This function or variable may be unsafe. Consider using sscanf_s instead. To disable deprecation, use _CRT_SECURE_NO_WARNINGS. See online help for details.
  C:\Program Files (x86)\Windows Kits\10\Include\10.0.16299.0\ucrt\stdio.h(2261): note: see declaration of 'sscanf'
main.cpp(1687): warning C4996: 'fopen': This function or variable may be unsafe. Consider using fopen_s instead. To disable deprecation, use _CRT_SECURE_NO_WARNINGS. See online help for details.
  C:\Program Files (x86)\Windows Kits\10\Include\10.0.16299.0\ucrt\stdio.h(207): note: see declaration of 'fopen'
  OpenGL Framework.vcxproj -> C:\Users\Adam Slack\github\graphics\graphicsProject\Debug\OpenGL Framework.exe
