c:\users\cmp3cantrj\desktop\opengl glsltexdemo-mod32\debug\opengl framework.bsc
c:\users\cmp3cantrj\desktop\opengl glsltexdemo-mod32\debug\main.sbr
c:\users\cmp3cantrj\desktop\opengl glsltexdemo-mod32\debug\trans.sbr
c:\users\cmp3cantrj\desktop\opengl glsltexdemo-mod32\debug\trans.obj
c:\users\cmp3cantrj\desktop\opengl glsltexdemo-mod32\debug\main.obj
c:\users\cmp3cantrj\desktop\opengl glsltexdemo-mod32\debug\vc110.pdb
c:\users\cmp3cantrj\desktop\opengl glsltexdemo-mod32\debug\opengl framework.ilk
c:\users\cmp3cantrj\desktop\opengl glsltexdemo-mod32\debug\opengl framework.exe
c:\users\cmp3cantrj\desktop\opengl glsltexdemo-mod32\debug\opengl framework.pdb
c:\users\n0499528\github\graphics\graphicsproject\debug\opengl framework.bsc
c:\users\n0499528\github\graphics\graphicsproject\debug\vc141.pdb
c:\users\n0499528\github\graphics\graphicsproject\debug\.netframework,version=v4.0.assemblyattributes.sbr
c:\users\n0499528\github\graphics\graphicsproject\debug\.netframework,version=v4.0.assemblyattributes.obj
c:\users\n0499528\github\graphics\graphicsproject\debug\.netframework,version=v4.0.assemblyattributes.asm
c:\users\n0499528\github\graphics\graphicsproject\debug\trans.sbr
c:\users\n0499528\github\graphics\graphicsproject\debug\main.sbr
c:\users\n0499528\github\graphics\graphicsproject\debug\main.obj
c:\users\n0499528\github\graphics\graphicsproject\debug\trans.obj
c:\users\n0499528\github\graphics\graphicsproject\debug\opengl framework.exe
c:\users\n0499528\github\graphics\graphicsproject\debug\opengl framework.pdb
c:\users\n0499528\github\graphics\graphicsproject\debug\opengl framework.vcxprojresolveassemblyreference.cache
c:\users\n0499528\github\graphics\graphicsproject\debug\bscmake.command.1.tlog
c:\users\n0499528\github\graphics\graphicsproject\debug\bscmake.read.1.tlog
c:\users\n0499528\github\graphics\graphicsproject\debug\bscmake.write.1.tlog
c:\users\n0499528\github\graphics\graphicsproject\debug\cl.command.1.tlog
c:\users\n0499528\github\graphics\graphicsproject\debug\cl.read.1.tlog
c:\users\n0499528\github\graphics\graphicsproject\debug\cl.write.1.tlog
c:\users\n0499528\github\graphics\graphicsproject\debug\link.1852-cvtres.read.1.tlog
c:\users\n0499528\github\graphics\graphicsproject\debug\link.1852-cvtres.write.1.tlog
c:\users\n0499528\github\graphics\graphicsproject\debug\link.1852-rc.read.1.tlog
c:\users\n0499528\github\graphics\graphicsproject\debug\link.1852-rc.write.1.tlog
c:\users\n0499528\github\graphics\graphicsproject\debug\link.1852.read.1.tlog
c:\users\n0499528\github\graphics\graphicsproject\debug\link.1852.write.1.tlog
c:\users\n0499528\github\graphics\graphicsproject\debug\link.2908-cvtres.read.1.tlog
c:\users\n0499528\github\graphics\graphicsproject\debug\link.2908-cvtres.write.1.tlog
c:\users\n0499528\github\graphics\graphicsproject\debug\link.2908-rc.read.1.tlog
c:\users\n0499528\github\graphics\graphicsproject\debug\link.2908-rc.write.1.tlog
c:\users\n0499528\github\graphics\graphicsproject\debug\link.2908.read.1.tlog
c:\users\n0499528\github\graphics\graphicsproject\debug\link.2908.write.1.tlog
c:\users\n0499528\github\graphics\graphicsproject\debug\link.command.1.tlog
c:\users\n0499528\github\graphics\graphicsproject\debug\link.read.1.tlog
c:\users\n0499528\github\graphics\graphicsproject\debug\link.write.1.tlog
c:\users\n0499528\github\graphics\graphicsproject\debug\metagen.read.1.tlog
c:\users\n0499528\github\graphics\graphicsproject\debug\metagen.write.1.tlog
c:\users\n0499528\github\graphics\graphicsproject\debug\vc110.pdb
c:\users\n0499528\github\graphics\graphicsproject\debug\opengl framework.exe.metagen
c:\users\n0499528\github\graphics\graphicsproject\debug\rsaenh.dll.bi
c:\users\n0499528\github\graphics\graphicsproject\debug\tzres.dll.bi
c:\users\n0499528\github\graphics\graphicsproject\debug\opengl framework.tlog\bscmake.command.1.tlog
c:\users\n0499528\github\graphics\graphicsproject\debug\opengl framework.tlog\bscmake.read.1.tlog
c:\users\n0499528\github\graphics\graphicsproject\debug\opengl framework.tlog\bscmake.write.1.tlog
c:\users\n0499528\github\graphics\graphicsproject\debug\opengl framework.tlog\cl.command.1.tlog
c:\users\n0499528\github\graphics\graphicsproject\debug\opengl framework.tlog\cl.read.1.tlog
c:\users\n0499528\github\graphics\graphicsproject\debug\opengl framework.tlog\cl.write.1.tlog
c:\users\n0499528\github\graphics\graphicsproject\debug\opengl framework.tlog\link.command.1.tlog
c:\users\n0499528\github\graphics\graphicsproject\debug\opengl framework.tlog\link.read.1.tlog
c:\users\n0499528\github\graphics\graphicsproject\debug\opengl framework.tlog\link.write.1.tlog
c:\users\n0499528\github\graphics\graphicsproject\debug\opengl framework.tlog\metagen.read.1.tlog
c:\users\n0499528\github\graphics\graphicsproject\debug\opengl framework.tlog\metagen.write.1.tlog
c:\users\n0499528\github\graphics\graphicsproject\debug\opengl framework.tlog\tzres.dll.bi
